2022-08-28 16:22:30,315 INFO o.h.v.i.u.Version [background-preinit] HV000001: Hibernate Validator 6.2.3.Final
2022-08-28 16:22:30,374 INFO o.s.b.StartupInfoLogger [main] Starting SpringbootProjectApplication using Java 11.0.16 on mina-server with PID 382470 (/home/mina/Desktop/spring-bootProject/target/classes started by mina in /home/mina/Desktop/spring-bootProject)
2022-08-28 16:22:30,378 DEBUG o.s.b.StartupInfoLogger [main] Running with Spring Boot v2.7.1, Spring v5.3.21
2022-08-28 16:22:30,380 INFO o.s.b.SpringApplication [main] No active profile set, falling back to 1 default profile: "default"
2022-08-28 16:22:32,574 INFO o.s.b.w.e.t.TomcatWebServer [main] Tomcat initialized with port(s): 8080 (http)
2022-08-28 16:22:32,587 INFO o.a.j.l.DirectJDKLog [main] Initializing ProtocolHandler ["http-nio-8080"]
2022-08-28 16:22:32,588 INFO o.a.j.l.DirectJDKLog [main] Starting service [Tomcat]
2022-08-28 16:22:32,589 INFO o.a.j.l.DirectJDKLog [main] Starting Servlet engine: [Apache Tomcat/9.0.64]
2022-08-28 16:22:32,747 INFO o.a.j.l.DirectJDKLog [main] Initializing Spring embedded WebApplicationContext
2022-08-28 16:22:32,748 INFO o.s.b.w.s.c.ServletWebServerApplicationContext [main] Root WebApplicationContext: initialization completed in 2304 ms
2022-08-28 16:22:32,957 DEBUG c.z.h.HikariConfig [main] HikariPool-1 - configuration:
2022-08-28 16:22:32,960 DEBUG c.z.h.HikariConfig [main] allowPoolSuspension................................false
2022-08-28 16:22:32,961 DEBUG c.z.h.HikariConfig [main] autoCommit................................true
2022-08-28 16:22:32,961 DEBUG c.z.h.HikariConfig [main] catalog................................none
2022-08-28 16:22:32,962 DEBUG c.z.h.HikariConfig [main] connectionInitSql................................none
2022-08-28 16:22:32,962 DEBUG c.z.h.HikariConfig [main] connectionTestQuery................................none
2022-08-28 16:22:32,962 DEBUG c.z.h.HikariConfig [main] connectionTimeout................................30000
2022-08-28 16:22:32,962 DEBUG c.z.h.HikariConfig [main] dataSource................................none
2022-08-28 16:22:32,963 DEBUG c.z.h.HikariConfig [main] dataSourceClassName................................none
2022-08-28 16:22:32,963 DEBUG c.z.h.HikariConfig [main] dataSourceJNDI................................none
2022-08-28 16:22:32,964 DEBUG c.z.h.HikariConfig [main] dataSourceProperties................................{password=<masked>}
2022-08-28 16:22:32,964 DEBUG c.z.h.HikariConfig [main] driverClassName................................none
2022-08-28 16:22:32,964 DEBUG c.z.h.HikariConfig [main] exceptionOverrideClassName................................none
2022-08-28 16:22:32,965 DEBUG c.z.h.HikariConfig [main] healthCheckProperties................................{}
2022-08-28 16:22:32,965 DEBUG c.z.h.HikariConfig [main] healthCheckRegistry................................none
2022-08-28 16:22:32,965 DEBUG c.z.h.HikariConfig [main] idleTimeout................................600000
2022-08-28 16:22:32,966 DEBUG c.z.h.HikariConfig [main] initializationFailTimeout................................1
2022-08-28 16:22:32,966 DEBUG c.z.h.HikariConfig [main] isolateInternalQueries................................false
2022-08-28 16:22:32,966 DEBUG c.z.h.HikariConfig [main] jdbcUrl................................jdbc:mysql://localhost:3306/myapp?profileSQL=true
2022-08-28 16:22:32,967 DEBUG c.z.h.HikariConfig [main] keepaliveTime................................0
2022-08-28 16:22:32,967 DEBUG c.z.h.HikariConfig [main] leakDetectionThreshold................................0
2022-08-28 16:22:32,967 DEBUG c.z.h.HikariConfig [main] maxLifetime................................1800000
2022-08-28 16:22:32,968 DEBUG c.z.h.HikariConfig [main] maximumPoolSize................................10
2022-08-28 16:22:32,968 DEBUG c.z.h.HikariConfig [main] metricRegistry................................none
2022-08-28 16:22:32,968 DEBUG c.z.h.HikariConfig [main] metricsTrackerFactory................................none
2022-08-28 16:22:32,969 DEBUG c.z.h.HikariConfig [main] minimumIdle................................10
2022-08-28 16:22:32,969 DEBUG c.z.h.HikariConfig [main] password................................<masked>
2022-08-28 16:22:32,969 DEBUG c.z.h.HikariConfig [main] poolName................................"HikariPool-1"
2022-08-28 16:22:32,970 DEBUG c.z.h.HikariConfig [main] readOnly................................false
2022-08-28 16:22:32,970 DEBUG c.z.h.HikariConfig [main] registerMbeans................................false
2022-08-28 16:22:32,970 DEBUG c.z.h.HikariConfig [main] scheduledExecutor................................none
2022-08-28 16:22:32,970 DEBUG c.z.h.HikariConfig [main] schema................................none
2022-08-28 16:22:32,971 DEBUG c.z.h.HikariConfig [main] threadFactory................................internal
2022-08-28 16:22:32,971 DEBUG c.z.h.HikariConfig [main] transactionIsolation................................default
2022-08-28 16:22:32,971 DEBUG c.z.h.HikariConfig [main] username................................"mina"
2022-08-28 16:22:32,972 DEBUG c.z.h.HikariConfig [main] validationTimeout................................5000
2022-08-28 16:22:32,974 INFO c.z.h.HikariDataSource [main] HikariPool-1 - Starting...
2022-08-28 16:22:33,551 INFO c.z.h.HikariDataSource [main] HikariPool-1 - Start completed.
2022-08-28 16:22:34,133 DEBUG c.e.s.s.MyEmailService [main] Adding Security provider *BouncyCastleProvider*
2022-08-28 16:22:34,778 DEBUG o.s.w.s.m.m.a.RequestMappingHandlerAdapter [main] ControllerAdvice beans: 0 @ModelAttribute, 0 @InitBinder, 1 RequestBodyAdvice, 1 ResponseBodyAdvice
2022-08-28 16:22:34,908 DEBUG o.s.w.s.h.AbstractHandlerMethodMapping [main] 16 mappings in 'requestMappingHandlerMapping'
2022-08-28 16:22:34,956 DEBUG o.s.w.s.h.SimpleUrlHandlerMapping [main] Patterns [/webjars/**, /**] in 'resourceHandlerMapping'
2022-08-28 16:22:34,975 DEBUG o.s.w.s.m.m.a.ExceptionHandlerExceptionResolver [main] ControllerAdvice beans: 0 @ExceptionHandler, 1 ResponseBodyAdvice
2022-08-28 16:22:35,279 INFO o.s.b.a.e.w.EndpointLinksResolver [main] Exposing 4 endpoint(s) beneath base path '/actuator'
2022-08-28 16:22:35,314 INFO o.a.j.l.DirectJDKLog [main] Starting ProtocolHandler ["http-nio-8080"]
2022-08-28 16:22:35,330 INFO o.s.b.w.e.t.TomcatWebServer [main] Tomcat started on port(s): 8080 (http) with context path ''
2022-08-28 16:22:35,353 INFO o.s.b.StartupInfoLogger [main] Started SpringbootProjectApplication in 5.704 seconds (JVM running for 6.825)
2022-08-28 16:22:49,482 INFO o.a.j.l.DirectJDKLog [http-nio-8080-exec-1] Initializing Spring DispatcherServlet 'dispatcherServlet'
2022-08-28 16:22:49,482 INFO o.s.w.s.FrameworkServlet [http-nio-8080-exec-1] Initializing Servlet 'dispatcherServlet'
2022-08-28 16:22:49,482 DEBUG o.s.w.s.DispatcherServlet [http-nio-8080-exec-1] Detected StandardServletMultipartResolver
2022-08-28 16:22:49,483 DEBUG o.s.w.s.DispatcherServlet [http-nio-8080-exec-1] Detected AcceptHeaderLocaleResolver
2022-08-28 16:22:49,483 DEBUG o.s.w.s.DispatcherServlet [http-nio-8080-exec-1] Detected FixedThemeResolver
2022-08-28 16:22:49,485 DEBUG o.s.w.s.DispatcherServlet [http-nio-8080-exec-1] Detected org.springframework.web.servlet.view.DefaultRequestToViewNameTranslator@15bb6cbc
2022-08-28 16:22:49,485 DEBUG o.s.w.s.DispatcherServlet [http-nio-8080-exec-1] Detected org.springframework.web.servlet.support.SessionFlashMapManager@45fee168
2022-08-28 16:22:49,486 DEBUG o.s.w.s.FrameworkServlet [http-nio-8080-exec-1] enableLoggingRequestDetails='false': request parameters and headers will be masked to prevent unsafe logging of potentially sensitive data
2022-08-28 16:22:49,486 INFO o.s.w.s.FrameworkServlet [http-nio-8080-exec-1] Completed initialization in 4 ms
2022-08-28 16:22:49,498 DEBUG o.s.c.l.LogFormatUtils [http-nio-8080-exec-1] GET "/log", parameters={}
2022-08-28 16:22:49,510 DEBUG o.s.w.s.h.AbstractHandlerMapping [http-nio-8080-exec-1] Mapped to com.example.springbootproject.controller.LoggingController#log()
2022-08-28 16:22:49,521 DEBUG c.e.s.c.LoggingController [http-nio-8080-exec-1] This is a DEBUG level message
2022-08-28 16:22:49,521 INFO c.e.s.c.LoggingController [http-nio-8080-exec-1] This is an INFO level message
2022-08-28 16:22:49,522 WARN c.e.s.c.LoggingController [http-nio-8080-exec-1] This is a WARN level message
2022-08-28 16:22:49,522 ERROR c.e.s.c.LoggingController [http-nio-8080-exec-1] This is an ERROR level message
2022-08-28 16:22:49,532 DEBUG o.s.w.s.m.m.a.AbstractMessageConverterMethodProcessor [http-nio-8080-exec-1] Using 'text/html', given [text/html, application/xhtml+xml, image/avif, image/webp, image/apng, application/xml;q=0.9, application/signed-exchange;v=b3;q=0.9, */*;q=0.8] and supported [text/plain, */*, text/plain, */*, application/json, application/*+json, application/json, application/*+json]
2022-08-28 16:22:49,533 DEBUG o.s.c.l.LogFormatUtils [http-nio-8080-exec-1] Writing ["See the log for details"]
2022-08-28 16:22:49,541 DEBUG o.s.w.s.FrameworkServlet [http-nio-8080-exec-1] Completed 200 OK
2022-08-28 16:23:41,379 DEBUG o.s.c.l.LogFormatUtils [http-nio-8080-exec-4] GET "/actuator/loggers", parameters={}
2022-08-28 16:23:41,423 DEBUG o.s.w.s.m.m.a.AbstractMessageConverterMethodProcessor [http-nio-8080-exec-4] Using 'application/vnd.spring-boot.actuator.v3+json;q=0.8', given [text/html, application/xhtml+xml, image/avif, image/webp, image/apng, application/xml;q=0.9, application/signed-exchange;v=b3;q=0.9, */*;q=0.8] and supported [application/vnd.spring-boot.actuator.v3+json, application/vnd.spring-boot.actuator.v2+json, application/json]
2022-08-28 16:23:41,433 DEBUG o.s.c.l.LogFormatUtils [http-nio-8080-exec-4] Writing [{levels=[OFF, FATAL, ERROR, WARN, INFO, DEBUG, TRACE], loggers={ROOT=org.springframework.boot.actuat (truncated)...]
2022-08-28 16:23:41,497 DEBUG o.s.w.s.FrameworkServlet [http-nio-8080-exec-4] Completed 200 OK
2022-08-28 16:26:34,046 DEBUG o.s.c.l.LogFormatUtils [http-nio-8080-exec-7] GET "/actuator/loggers/com.example.springbootproject", parameters={}
2022-08-28 16:26:34,060 DEBUG o.s.w.s.m.m.a.AbstractMessageConverterMethodProcessor [http-nio-8080-exec-7] Using 'application/vnd.spring-boot.actuator.v3+json', given [*/*] and supported [application/vnd.spring-boot.actuator.v3+json, application/vnd.spring-boot.actuator.v2+json, application/json]
2022-08-28 16:26:34,061 DEBUG o.s.c.l.LogFormatUtils [http-nio-8080-exec-7] Writing [org.springframework.boot.actuate.logging.LoggersEndpoint$SingleLoggerLevels@1a5a2185]
2022-08-28 16:26:34,089 DEBUG o.s.w.s.FrameworkServlet [http-nio-8080-exec-7] Completed 200 OK
2022-08-28 16:26:51,061 DEBUG o.s.c.l.LogFormatUtils [http-nio-8080-exec-9] GET "/actuator/loggers/com.example.springbootproject", parameters={}
2022-08-28 16:26:51,070 DEBUG o.s.w.s.m.m.a.AbstractMessageConverterMethodProcessor [http-nio-8080-exec-9] Using 'application/vnd.spring-boot.actuator.v3+json', given [*/*] and supported [application/vnd.spring-boot.actuator.v3+json, application/vnd.spring-boot.actuator.v2+json, application/json]
2022-08-28 16:26:51,071 DEBUG o.s.c.l.LogFormatUtils [http-nio-8080-exec-9] Writing [org.springframework.boot.actuate.logging.LoggersEndpoint$SingleLoggerLevels@2798b039]
2022-08-28 16:26:51,072 DEBUG o.s.w.s.FrameworkServlet [http-nio-8080-exec-9] Completed 200 OK
2022-08-28 16:27:27,329 DEBUG o.s.c.l.LogFormatUtils [http-nio-8080-exec-1] GET "/actuator/loggers/com.example.springbootproject", parameters={}
2022-08-28 16:27:27,337 DEBUG o.s.w.s.m.m.a.AbstractMessageConverterMethodProcessor [http-nio-8080-exec-1] Using 'application/vnd.spring-boot.actuator.v3+json', given [*/*] and supported [application/vnd.spring-boot.actuator.v3+json, application/vnd.spring-boot.actuator.v2+json, application/json]
2022-08-28 16:27:27,338 DEBUG o.s.c.l.LogFormatUtils [http-nio-8080-exec-1] Writing [org.springframework.boot.actuate.logging.LoggersEndpoint$SingleLoggerLevels@3bdc1f76]
2022-08-28 16:27:27,339 DEBUG o.s.w.s.FrameworkServlet [http-nio-8080-exec-1] Completed 200 OK
2022-08-28 16:27:36,683 DEBUG o.s.c.l.LogFormatUtils [http-nio-8080-exec-2] GET "/actuator/loggers/com.example.springbootproject", parameters={}
2022-08-28 16:27:36,691 DEBUG o.s.w.s.m.m.a.AbstractMessageConverterMethodProcessor [http-nio-8080-exec-2] Using 'application/vnd.spring-boot.actuator.v3+json', given [*/*] and supported [application/vnd.spring-boot.actuator.v3+json, application/vnd.spring-boot.actuator.v2+json, application/json]
2022-08-28 16:27:36,692 DEBUG o.s.c.l.LogFormatUtils [http-nio-8080-exec-2] Writing [org.springframework.boot.actuate.logging.LoggersEndpoint$SingleLoggerLevels@34f4e8a6]
2022-08-28 16:27:36,693 DEBUG o.s.w.s.FrameworkServlet [http-nio-8080-exec-2] Completed 200 OK
2022-08-28 16:28:37,924 DEBUG o.s.c.l.LogFormatUtils [http-nio-8080-exec-6] POST "/actuator/loggers/com.example.springbootproject", parameters={}
2022-08-28 16:28:37,941 DEBUG o.s.c.l.LogFormatUtils [http-nio-8080-exec-6] Read "application/json;charset=UTF-8" to [{configuredLevel=TRACE}]
2022-08-28 16:28:37,944 DEBUG o.s.w.s.m.m.a.AbstractMessageConverterMethodProcessor [http-nio-8080-exec-6] Using 'application/octet-stream', given [*/*] and supported [*/*]
2022-08-28 16:28:37,945 DEBUG o.s.w.s.FrameworkServlet [http-nio-8080-exec-6] Completed 204 NO_CONTENT
2022-08-28 16:28:54,832 DEBUG o.s.c.l.LogFormatUtils [http-nio-8080-exec-7] GET "/log", parameters={}
2022-08-28 16:28:54,834 DEBUG o.s.w.s.h.AbstractHandlerMapping [http-nio-8080-exec-7] Mapped to com.example.springbootproject.controller.LoggingController#log()
2022-08-28 16:28:54,834 TRACE c.e.s.c.LoggingController [http-nio-8080-exec-7] This is a TRACE level message
2022-08-28 16:28:54,834 DEBUG c.e.s.c.LoggingController [http-nio-8080-exec-7] This is a DEBUG level message
2022-08-28 16:28:54,835 INFO c.e.s.c.LoggingController [http-nio-8080-exec-7] This is an INFO level message
2022-08-28 16:28:54,835 WARN c.e.s.c.LoggingController [http-nio-8080-exec-7] This is a WARN level message
2022-08-28 16:28:54,835 ERROR c.e.s.c.LoggingController [http-nio-8080-exec-7] This is an ERROR level message
2022-08-28 16:28:54,836 DEBUG o.s.w.s.m.m.a.AbstractMessageConverterMethodProcessor [http-nio-8080-exec-7] Using 'text/html', given [text/html, application/xhtml+xml, image/avif, image/webp, image/apng, application/xml;q=0.9, application/signed-exchange;v=b3;q=0.9, */*;q=0.8] and supported [text/plain, */*, text/plain, */*, application/json, application/*+json, application/json, application/*+json]
2022-08-28 16:28:54,837 DEBUG o.s.c.l.LogFormatUtils [http-nio-8080-exec-7] Writing ["See the log for details"]
2022-08-28 16:28:54,838 DEBUG o.s.w.s.FrameworkServlet [http-nio-8080-exec-7] Completed 200 OK
2022-08-28 16:30:06,270 INFO c.z.h.HikariDataSource [SpringApplicationShutdownHook] HikariPool-1 - Shutdown initiated...
2022-08-28 16:30:06,284 INFO c.z.h.HikariDataSource [SpringApplicationShutdownHook] HikariPool-1 - Shutdown completed.
